<?xml version="1.0" encoding="UTF-8"?>
<!-- Generated by org.testng.reporters.JUnitReportReporter -->
<testsuite skipped="0" hostname="Venkat" name="com.testcases.MySlidebox_TestCases" tests="1" failures="0" timestamp="23 Feb 2019 06:48:06 GMT" time="92.700" errors="0">
  <testcase name="openMy_slidebox" time="92.700" classname="com.testcases.MySlidebox_TestCases"/>
</testsuite> <!-- com.testcases.MySlidebox_TestCases -->
